# JRE version: Java(TM) SE Runtime Environment (8.0_101-b13) (build 1.8.0_101-b13)
# Java VM: Java HotSpot(TM) 64-Bit Server VM (25.101-b13 mixed mode windows-amd64 compressed oops)
Heap:
 PSYoungGen      total 238592K, used 9108K [0x00000000eaf00000, 0x00000000fa600000, 0x0000000100000000)
  eden space 225280K, 4% used [0x00000000eaf00000,0x00000000eb7e5180,0x00000000f8b00000)
  from space 13312K, 0% used [0x00000000f9900000,0x00000000f9900000,0x00000000fa600000)
  to   space 13824K, 0% used [0x00000000f8b00000,0x00000000f8b00000,0x00000000f9880000)
 ParOldGen       total 66560K, used 28711K [0x00000000c0c00000, 0x00000000c4d00000, 0x00000000eaf00000)
  object space 66560K, 43% used [0x00000000c0c00000,0x00000000c2809f40,0x00000000c4d00000)
 Metaspace       used 45908K, capacity 46798K, committed 47016K, reserved 1089536K
  class space    used 5996K, capacity 6223K, committed 6312K, reserved 1048576K
GC Heap History (10 events):
Event: 611.938 GC heap before
{Heap before GC invocations=15 (full 3):
 PSYoungGen      total 240128K, used 3489K [0x00000000eaf00000, 0x00000000fa800000, 0x0000000100000000)
  eden space 225280K, 0% used [0x00000000eaf00000,0x00000000eaf00000,0x00000000f8b00000)
  from space 14848K, 23% used [0x00000000f9980000,0x00000000f9ce8450,0x00000000fa800000)
  to   space 14848K, 0% used [0x00000000f8b00000,0x00000000f8b00000,0x00000000f9980000)
 ParOldGen       total 66560K, used 33825K [0x00000000c0c00000, 0x00000000c4d00000, 0x00000000eaf00000)
  object space 66560K, 50% used [0x00000000c0c00000,0x00000000c2d086d8,0x00000000c4d00000)
 Metaspace       used 45304K, capacity 45862K, committed 46376K, reserved 1089536K
  class space    used 5919K, capacity 6067K, committed 6184K, reserved 1048576K
Event: 612.927 GC heap after
Heap after GC invocations=15 (full 3):
 PSYoungGen      total 240128K, used 0K [0x00000000eaf00000, 0x00000000fa800000, 0x0000000100000000)
  eden space 225280K, 0% used [0x00000000eaf00000,0x00000000eaf00000,0x00000000f8b00000)
  from space 14848K, 0% used [0x00000000f9980000,0x00000000f9980000,0x00000000fa800000)
  to   space 14848K, 0% used [0x00000000f8b00000,0x00000000f8b00000,0x00000000f9980000)
 ParOldGen       total 66560K, used 26854K [0x00000000c0c00000, 0x00000000c4d00000, 0x00000000eaf00000)
  object space 66560K, 40% used [0x00000000c0c00000,0x00000000c2639b28,0x00000000c4d00000)
 Metaspace       used 45304K, capacity 45862K, committed 46376K, reserved 1089536K
  class space    used 5919K, capacity 6067K, committed 6184K, reserved 1048576K
}
Event: 646.225 GC heap before
{Heap before GC invocations=16 (full 3):
 PSYoungGen      total 240128K, used 205377K [0x00000000eaf00000, 0x00000000fa800000, 0x0000000100000000)
  eden space 225280K, 91% used [0x00000000eaf00000,0x00000000f77906c8,0x00000000f8b00000)
  from space 14848K, 0% used [0x00000000f9980000,0x00000000f9980000,0x00000000fa800000)
  to   space 14848K, 0% used [0x00000000f8b00000,0x00000000f8b00000,0x00000000f9980000)
 ParOldGen       total 66560K, used 26854K [0x00000000c0c00000, 0x00000000c4d00000, 0x00000000eaf00000)
  object space 66560K, 40% used [0x00000000c0c00000,0x00000000c2639b28,0x00000000c4d00000)
 Metaspace       used 45598K, capacity 46362K, committed 46632K, reserved 1089536K
  class space    used 5961K, capacity 6150K, committed 6184K, reserved 1048576K
Event: 646.243 GC heap after
Heap after GC invocations=16 (full 3):
 PSYoungGen      total 229888K, used 4268K [0x00000000eaf00000, 0x00000000fa700000, 0x0000000100000000)
  eden space 225280K, 0% used [0x00000000eaf00000,0x00000000eaf00000,0x00000000f8b00000)
  from space 4608K, 92% used [0x00000000f8b00000,0x00000000f8f2b350,0x00000000f8f80000)
  to   space 14336K, 0% used [0x00000000f9900000,0x00000000f9900000,0x00000000fa700000)
 ParOldGen       total 66560K, used 26862K [0x00000000c0c00000, 0x00000000c4d00000, 0x00000000eaf00000)
  object space 66560K, 40% used [0x00000000c0c00000,0x00000000c263bb28,0x00000000c4d00000)
 Metaspace       used 45598K, capacity 46362K, committed 46632K, reserved 1089536K
  class space    used 5961K, capacity 6150K, committed 6184K, reserved 1048576K
}
Event: 646.243 GC heap before
{Heap before GC invocations=17 (full 4):
 PSYoungGen      total 229888K, used 4268K [0x00000000eaf00000, 0x00000000fa700000, 0x0000000100000000)
  eden space 225280K, 0% used [0x00000000eaf00000,0x00000000eaf00000,0x00000000f8b00000)
  from space 4608K, 92% used [0x00000000f8b00000,0x00000000f8f2b350,0x00000000f8f80000)
  to   space 14336K, 0% used [0x00000000f9900000,0x00000000f9900000,0x00000000fa700000)
 ParOldGen       total 66560K, used 26862K [0x00000000c0c00000, 0x00000000c4d00000, 0x00000000eaf00000)
  object space 66560K, 40% used [0x00000000c0c00000,0x00000000c263bb28,0x00000000c4d00000)
 Metaspace       used 45598K, capacity 46362K, committed 46632K, reserved 1089536K
  class space    used 5961K, capacity 6150K, committed 6184K, reserved 1048576K
Event: 647.183 GC heap after
Heap after GC invocations=17 (full 4):
 PSYoungGen      total 229888K, used 0K [0x00000000eaf00000, 0x00000000fa700000, 0x0000000100000000)
  eden space 225280K, 0% used [0x00000000eaf00000,0x00000000eaf00000,0x00000000f8b00000)
  from space 4608K, 0% used [0x00000000f8b00000,0x00000000f8b00000,0x00000000f8f80000)
  to   space 14336K, 0% used [0x00000000f9900000,0x00000000f9900000,0x00000000fa700000)
 ParOldGen       total 66560K, used 27689K [0x00000000c0c00000, 0x00000000c4d00000, 0x00000000eaf00000)
  object space 66560K, 41% used [0x00000000c0c00000,0x00000000c270a738,0x00000000c4d00000)
 Metaspace       used 45598K, capacity 46362K, committed 46632K, reserved 1089536K
  class space    used 5961K, capacity 6150K, committed 6184K, reserved 1048576K
}
Event: 867.985 GC heap before
{Heap before GC invocations=18 (full 4):
 PSYoungGen      total 229888K, used 212251K [0x00000000eaf00000, 0x00000000fa700000, 0x0000000100000000)
  eden space 225280K, 94% used [0x00000000eaf00000,0x00000000f7e46e50,0x00000000f8b00000)
  from space 4608K, 0% used [0x00000000f8b00000,0x00000000f8b00000,0x00000000f8f80000)
  to   space 14336K, 0% used [0x00000000f9900000,0x00000000f9900000,0x00000000fa700000)
 ParOldGen       total 66560K, used 27689K [0x00000000c0c00000, 0x00000000c4d00000, 0x00000000eaf00000)
  object space 66560K, 41% used [0x00000000c0c00000,0x00000000c270a738,0x00000000c4d00000)
 Metaspace       used 45873K, capacity 46798K, committed 47016K, reserved 1089536K
  class space    used 5994K, capacity 6223K, committed 6312K, reserved 1048576K
Event: 868.013 GC heap after
Heap after GC invocations=18 (full 4):
 PSYoungGen      total 238592K, used 5129K [0x00000000eaf00000, 0x00000000fa600000, 0x0000000100000000)
  eden space 225280K, 0% used [0x00000000eaf00000,0x00000000eaf00000,0x00000000f8b00000)
  from space 13312K, 38% used [0x00000000f9900000,0x00000000f9e02670,0x00000000fa600000)
  to   space 13824K, 0% used [0x00000000f8b00000,0x00000000f8b00000,0x00000000f9880000)
 ParOldGen       total 66560K, used 27697K [0x00000000c0c00000, 0x00000000c4d00000, 0x00000000eaf00000)
  object space 66560K, 41% used [0x00000000c0c00000,0x00000000c270c738,0x00000000c4d00000)
 Metaspace       used 45873K, capacity 46798K, committed 47016K, reserved 1089536K
  class space    used 5994K, capacity 6223K, committed 6312K, reserved 1048576K
}
Event: 868.013 GC heap before
{Heap before GC invocations=19 (full 5):
 PSYoungGen      total 238592K, used 5129K [0x00000000eaf00000, 0x00000000fa600000, 0x0000000100000000)
  eden space 225280K, 0% used [0x00000000eaf00000,0x00000000eaf00000,0x00000000f8b00000)
  from space 13312K, 38% used [0x00000000f9900000,0x00000000f9e02670,0x00000000fa600000)
  to   space 13824K, 0% used [0x00000000f8b00000,0x00000000f8b00000,0x00000000f9880000)
 ParOldGen       total 66560K, used 27697K [0x00000000c0c00000, 0x00000000c4d00000, 0x00000000eaf00000)
  object space 66560K, 41% used [0x00000000c0c00000,0x00000000c270c738,0x00000000c4d00000)
 Metaspace       used 45873K, capacity 46798K, committed 47016K, reserved 1089536K
  class space    used 5994K, capacity 6223K, committed 6312K, reserved 1048576K
Event: 869.412 GC heap after
Heap after GC invocations=19 (full 5):
 PSYoungGen      total 238592K, used 0K [0x00000000eaf00000, 0x00000000fa600000, 0x0000000100000000)
  eden space 225280K, 0% used [0x00000000eaf00000,0x00000000eaf00000,0x00000000f8b00000)
  from space 13312K, 0% used [0x00000000f9900000,0x00000000f9900000,0x00000000fa600000)
  to   space 13824K, 0% used [0x00000000f8b00000,0x00000000f8b00000,0x00000000f9880000)
 ParOldGen       total 66560K, used 28711K [0x00000000c0c00000, 0x00000000c4d00000, 0x00000000eaf00000)
  object space 66560K, 43% used [0x00000000c0c00000,0x00000000c2809f40,0x00000000c4d00000)
 Metaspace       used 45871K, capacity 46792K, committed 47016K, reserved 1089536K
  class space    used 5994K, capacity 6221K, committed 6312K, reserved 1048576K
}

