# JRE version: Java(TM) SE Runtime Environment (8.0_101-b13) (build 1.8.0_101-b13)
# Java VM: Java HotSpot(TM) 64-Bit Server VM (25.101-b13 mixed mode windows-amd64 compressed oops)
Heap:
 PSYoungGen      total 218624K, used 50192K [0x00000000eaf00000, 0x00000000f9300000, 0x0000000100000000)
  eden space 203776K, 24% used [0x00000000eaf00000,0x00000000ee0041b0,0x00000000f7600000)
  from space 14848K, 0% used [0x00000000f8480000,0x00000000f8480000,0x00000000f9300000)
  to   space 14848K, 0% used [0x00000000f7600000,0x00000000f7600000,0x00000000f8480000)
 ParOldGen       total 71168K, used 23808K [0x00000000c0c00000, 0x00000000c5180000, 0x00000000eaf00000)
  object space 71168K, 33% used [0x00000000c0c00000,0x00000000c23403f8,0x00000000c5180000)
 Metaspace       used 45695K, capacity 46352K, committed 46936K, reserved 1089536K
  class space    used 5980K, capacity 6123K, committed 6272K, reserved 1048576K
GC Heap History (10 events):
Event: 15.001 GC heap before
{Heap before GC invocations=11 (full 1):
 PSYoungGen      total 139264K, used 137648K [0x00000000eaf00000, 0x00000000f6900000, 0x0000000100000000)
  eden space 131072K, 98% used [0x00000000eaf00000,0x00000000f2da41e0,0x00000000f2f00000)
  from space 8192K, 97% used [0x00000000f2f00000,0x00000000f36c80d0,0x00000000f3700000)
  to   space 9216K, 0% used [0x00000000f6000000,0x00000000f6000000,0x00000000f6900000)
 ParOldGen       total 40448K, used 11679K [0x00000000c0c00000, 0x00000000c3380000, 0x00000000eaf00000)
  object space 40448K, 28% used [0x00000000c0c00000,0x00000000c1767c08,0x00000000c3380000)
 Metaspace       used 34695K, capacity 35162K, committed 35416K, reserved 1079296K
  class space    used 4556K, capacity 4696K, committed 4736K, reserved 1048576K
Event: 15.038 GC heap after
Heap after GC invocations=11 (full 1):
 PSYoungGen      total 177664K, used 9211K [0x00000000eaf00000, 0x00000000f6c80000, 0x0000000100000000)
  eden space 168448K, 0% used [0x00000000eaf00000,0x00000000eaf00000,0x00000000f5380000)
  from space 9216K, 99% used [0x00000000f6000000,0x00000000f68fedd8,0x00000000f6900000)
  to   space 12800K, 0% used [0x00000000f5380000,0x00000000f5380000,0x00000000f6000000)
 ParOldGen       total 40448K, used 19005K [0x00000000c0c00000, 0x00000000c3380000, 0x00000000eaf00000)
  object space 40448K, 46% used [0x00000000c0c00000,0x00000000c1e8f548,0x00000000c3380000)
 Metaspace       used 34695K, capacity 35162K, committed 35416K, reserved 1079296K
  class space    used 4556K, capacity 4696K, committed 4736K, reserved 1048576K
}
Event: 15.038 GC heap before
{Heap before GC invocations=12 (full 2):
 PSYoungGen      total 177664K, used 9211K [0x00000000eaf00000, 0x00000000f6c80000, 0x0000000100000000)
  eden space 168448K, 0% used [0x00000000eaf00000,0x00000000eaf00000,0x00000000f5380000)
  from space 9216K, 99% used [0x00000000f6000000,0x00000000f68fedd8,0x00000000f6900000)
  to   space 12800K, 0% used [0x00000000f5380000,0x00000000f5380000,0x00000000f6000000)
 ParOldGen       total 40448K, used 19005K [0x00000000c0c00000, 0x00000000c3380000, 0x00000000eaf00000)
  object space 40448K, 46% used [0x00000000c0c00000,0x00000000c1e8f548,0x00000000c3380000)
 Metaspace       used 34695K, capacity 35162K, committed 35416K, reserved 1079296K
  class space    used 4556K, capacity 4696K, committed 4736K, reserved 1048576K
Event: 15.307 GC heap after
Heap after GC invocations=12 (full 2):
 PSYoungGen      total 177664K, used 0K [0x00000000eaf00000, 0x00000000f6c80000, 0x0000000100000000)
  eden space 168448K, 0% used [0x00000000eaf00000,0x00000000eaf00000,0x00000000f5380000)
  from space 9216K, 0% used [0x00000000f6000000,0x00000000f6000000,0x00000000f6900000)
  to   space 12800K, 0% used [0x00000000f5380000,0x00000000f5380000,0x00000000f6000000)
 ParOldGen       total 71168K, used 26228K [0x00000000c0c00000, 0x00000000c5180000, 0x00000000eaf00000)
  object space 71168K, 36% used [0x00000000c0c00000,0x00000000c259d110,0x00000000c5180000)
 Metaspace       used 34695K, capacity 35162K, committed 35416K, reserved 1079296K
  class space    used 4556K, capacity 4696K, committed 4736K, reserved 1048576K
}
Event: 21.882 GC heap before
{Heap before GC invocations=13 (full 2):
 PSYoungGen      total 177664K, used 168448K [0x00000000eaf00000, 0x00000000f6c80000, 0x0000000100000000)
  eden space 168448K, 100% used [0x00000000eaf00000,0x00000000f5380000,0x00000000f5380000)
  from space 9216K, 0% used [0x00000000f6000000,0x00000000f6000000,0x00000000f6900000)
  to   space 12800K, 0% used [0x00000000f5380000,0x00000000f5380000,0x00000000f6000000)
 ParOldGen       total 71168K, used 26228K [0x00000000c0c00000, 0x00000000c5180000, 0x00000000eaf00000)
  object space 71168K, 36% used [0x00000000c0c00000,0x00000000c259d110,0x00000000c5180000)
 Metaspace       used 42295K, capacity 42852K, committed 43352K, reserved 1087488K
  class space    used 5554K, capacity 5707K, committed 5760K, reserved 1048576K
Event: 21.915 GC heap after
Heap after GC invocations=13 (full 2):
 PSYoungGen      total 181248K, used 12774K [0x00000000eaf00000, 0x00000000f9300000, 0x0000000100000000)
  eden space 168448K, 0% used [0x00000000eaf00000,0x00000000eaf00000,0x00000000f5380000)
  from space 12800K, 99% used [0x00000000f5380000,0x00000000f5ff9978,0x00000000f6000000)
  to   space 14848K, 0% used [0x00000000f8480000,0x00000000f8480000,0x00000000f9300000)
 ParOldGen       total 71168K, used 26833K [0x00000000c0c00000, 0x00000000c5180000, 0x00000000eaf00000)
  object space 71168K, 37% used [0x00000000c0c00000,0x00000000c2634490,0x00000000c5180000)
 Metaspace       used 42295K, capacity 42852K, committed 43352K, reserved 1087488K
  class space    used 5554K, capacity 5707K, committed 5760K, reserved 1048576K
}
Event: 2368.540 GC heap before
{Heap before GC invocations=14 (full 2):
 PSYoungGen      total 181248K, used 181222K [0x00000000eaf00000, 0x00000000f9300000, 0x0000000100000000)
  eden space 168448K, 100% used [0x00000000eaf00000,0x00000000f5380000,0x00000000f5380000)
  from space 12800K, 99% used [0x00000000f5380000,0x00000000f5ff9978,0x00000000f6000000)
  to   space 14848K, 0% used [0x00000000f8480000,0x00000000f8480000,0x00000000f9300000)
 ParOldGen       total 71168K, used 26833K [0x00000000c0c00000, 0x00000000c5180000, 0x00000000eaf00000)
  object space 71168K, 37% used [0x00000000c0c00000,0x00000000c2634490,0x00000000c5180000)
 Metaspace       used 45853K, capacity 46588K, committed 46936K, reserved 1089536K
  class space    used 6005K, capacity 6176K, committed 6272K, reserved 1048576K
Event: 2375.891 GC heap after
Heap after GC invocations=14 (full 2):
 PSYoungGen      total 218624K, used 4216K [0x00000000eaf00000, 0x00000000f9300000, 0x0000000100000000)
  eden space 203776K, 0% used [0x00000000eaf00000,0x00000000eaf00000,0x00000000f7600000)
  from space 14848K, 28% used [0x00000000f8480000,0x00000000f889e080,0x00000000f9300000)
  to   space 14848K, 0% used [0x00000000f7600000,0x00000000f7600000,0x00000000f8480000)
 ParOldGen       total 71168K, used 34087K [0x00000000c0c00000, 0x00000000c5180000, 0x00000000eaf00000)
  object space 71168K, 47% used [0x00000000c0c00000,0x00000000c2d49ea0,0x00000000c5180000)
 Metaspace       used 45853K, capacity 46588K, committed 46936K, reserved 1089536K
  class space    used 6005K, capacity 6176K, committed 6272K, reserved 1048576K
}
Event: 2375.891 GC heap before
{Heap before GC invocations=15 (full 3):
 PSYoungGen      total 218624K, used 4216K [0x00000000eaf00000, 0x00000000f9300000, 0x0000000100000000)
  eden space 203776K, 0% used [0x00000000eaf00000,0x00000000eaf00000,0x00000000f7600000)
  from space 14848K, 28% used [0x00000000f8480000,0x00000000f889e080,0x00000000f9300000)
  to   space 14848K, 0% used [0x00000000f7600000,0x00000000f7600000,0x00000000f8480000)
 ParOldGen       total 71168K, used 34087K [0x00000000c0c00000, 0x00000000c5180000, 0x00000000eaf00000)
  object space 71168K, 47% used [0x00000000c0c00000,0x00000000c2d49ea0,0x00000000c5180000)
 Metaspace       used 45853K, capacity 46588K, committed 46936K, reserved 1089536K
  class space    used 6005K, capacity 6176K, committed 6272K, reserved 1048576K
Event: 2386.698 GC heap after
Heap after GC invocations=15 (full 3):
 PSYoungGen      total 218624K, used 0K [0x00000000eaf00000, 0x00000000f9300000, 0x0000000100000000)
  eden space 203776K, 0% used [0x00000000eaf00000,0x00000000eaf00000,0x00000000f7600000)
  from space 14848K, 0% used [0x00000000f8480000,0x00000000f8480000,0x00000000f9300000)
  to   space 14848K, 0% used [0x00000000f7600000,0x00000000f7600000,0x00000000f8480000)
 ParOldGen       total 71168K, used 23808K [0x00000000c0c00000, 0x00000000c5180000, 0x00000000eaf00000)
  object space 71168K, 33% used [0x00000000c0c00000,0x00000000c23403f8,0x00000000c5180000)
 Metaspace       used 45627K, capacity 46230K, committed 46936K, reserved 1089536K
  class space    used 5969K, capacity 6111K, committed 6272K, reserved 1048576K
}

