# JRE version: Java(TM) SE Runtime Environment (8.0_101-b13) (build 1.8.0_101-b13)
# Java VM: Java HotSpot(TM) 64-Bit Server VM (25.101-b13 mixed mode windows-amd64 compressed oops)
Heap:
 PSYoungGen      total 184320K, used 72408K [0x00000000eaf00000, 0x00000000f9900000, 0x0000000100000000)
  eden space 171008K, 34% used [0x00000000eaf00000,0x00000000ee8b8018,0x00000000f5600000)
  from space 13312K, 99% used [0x00000000f5600000,0x00000000f62fe080,0x00000000f6300000)
  to   space 14848K, 0% used [0x00000000f8a80000,0x00000000f8a80000,0x00000000f9900000)
 ParOldGen       total 71168K, used 26308K [0x00000000c0c00000, 0x00000000c5180000, 0x00000000eaf00000)
  object space 71168K, 36% used [0x00000000c0c00000,0x00000000c25b1178,0x00000000c5180000)
 Metaspace       used 45546K, capacity 46152K, committed 46552K, reserved 1089536K
  class space    used 5950K, capacity 6119K, committed 6144K, reserved 1048576K
GC Heap History (10 events):
Event: 8.356 GC heap before
{Heap before GC invocations=9 (full 1):
 PSYoungGen      total 139776K, used 5763K [0x00000000eaf00000, 0x00000000f4000000, 0x0000000100000000)
  eden space 131072K, 0% used [0x00000000eaf00000,0x00000000eaf00000,0x00000000f2f00000)
  from space 8704K, 66% used [0x00000000f3780000,0x00000000f3d20f40,0x00000000f4000000)
  to   space 8704K, 0% used [0x00000000f2f00000,0x00000000f2f00000,0x00000000f3780000)
 ParOldGen       total 44032K, used 12148K [0x00000000c0c00000, 0x00000000c3700000, 0x00000000eaf00000)
  object space 44032K, 27% used [0x00000000c0c00000,0x00000000c17dd138,0x00000000c3700000)
 Metaspace       used 20802K, capacity 21178K, committed 21248K, reserved 1067008K
  class space    used 2703K, capacity 2807K, committed 2816K, reserved 1048576K
Event: 8.461 GC heap after
Heap after GC invocations=9 (full 1):
 PSYoungGen      total 139776K, used 0K [0x00000000eaf00000, 0x00000000f4000000, 0x0000000100000000)
  eden space 131072K, 0% used [0x00000000eaf00000,0x00000000eaf00000,0x00000000f2f00000)
  from space 8704K, 0% used [0x00000000f3780000,0x00000000f3780000,0x00000000f4000000)
  to   space 8704K, 0% used [0x00000000f2f00000,0x00000000f2f00000,0x00000000f3780000)
 ParOldGen       total 40960K, used 11676K [0x00000000c0c00000, 0x00000000c3400000, 0x00000000eaf00000)
  object space 40960K, 28% used [0x00000000c0c00000,0x00000000c17670f0,0x00000000c3400000)
 Metaspace       used 20802K, capacity 21178K, committed 21248K, reserved 1067008K
  class space    used 2703K, capacity 2807K, committed 2816K, reserved 1048576K
}
Event: 10.764 GC heap before
{Heap before GC invocations=10 (full 1):
 PSYoungGen      total 139776K, used 131072K [0x00000000eaf00000, 0x00000000f4000000, 0x0000000100000000)
  eden space 131072K, 100% used [0x00000000eaf00000,0x00000000f2f00000,0x00000000f2f00000)
  from space 8704K, 0% used [0x00000000f3780000,0x00000000f3780000,0x00000000f4000000)
  to   space 8704K, 0% used [0x00000000f2f00000,0x00000000f2f00000,0x00000000f3780000)
 ParOldGen       total 40960K, used 11676K [0x00000000c0c00000, 0x00000000c3400000, 0x00000000eaf00000)
  object space 40960K, 28% used [0x00000000c0c00000,0x00000000c17670f0,0x00000000c3400000)
 Metaspace       used 25192K, capacity 25652K, committed 25984K, reserved 1071104K
  class space    used 3258K, capacity 3366K, committed 3456K, reserved 1048576K
Event: 10.784 GC heap after
Heap after GC invocations=10 (full 1):
 PSYoungGen      total 139776K, used 7947K [0x00000000eaf00000, 0x00000000f6c00000, 0x0000000100000000)
  eden space 131072K, 0% used [0x00000000eaf00000,0x00000000eaf00000,0x00000000f2f00000)
  from space 8704K, 91% used [0x00000000f2f00000,0x00000000f36c2ee8,0x00000000f3780000)
  to   space 9216K, 0% used [0x00000000f6300000,0x00000000f6300000,0x00000000f6c00000)
 ParOldGen       total 40960K, used 11684K [0x00000000c0c00000, 0x00000000c3400000, 0x00000000eaf00000)
  object space 40960K, 28% used [0x00000000c0c00000,0x00000000c17690f0,0x00000000c3400000)
 Metaspace       used 25192K, capacity 25652K, committed 25984K, reserved 1071104K
  class space    used 3258K, capacity 3366K, committed 3456K, reserved 1048576K
}
Event: 15.457 GC heap before
{Heap before GC invocations=11 (full 1):
 PSYoungGen      total 139776K, used 138753K [0x00000000eaf00000, 0x00000000f6c00000, 0x0000000100000000)
  eden space 131072K, 99% used [0x00000000eaf00000,0x00000000f2ebd838,0x00000000f2f00000)
  from space 8704K, 91% used [0x00000000f2f00000,0x00000000f36c2ee8,0x00000000f3780000)
  to   space 9216K, 0% used [0x00000000f6300000,0x00000000f6300000,0x00000000f6c00000)
 ParOldGen       total 40960K, used 11684K [0x00000000c0c00000, 0x00000000c3400000, 0x00000000eaf00000)
  object space 40960K, 28% used [0x00000000c0c00000,0x00000000c17690f0,0x00000000c3400000)
 Metaspace       used 34674K, capacity 35162K, committed 35416K, reserved 1079296K
  class space    used 4557K, capacity 4696K, committed 4736K, reserved 1048576K
Event: 15.496 GC heap after
Heap after GC invocations=11 (full 1):
 PSYoungGen      total 180224K, used 9191K [0x00000000eaf00000, 0x00000000f7180000, 0x0000000100000000)
  eden space 171008K, 0% used [0x00000000eaf00000,0x00000000eaf00000,0x00000000f5600000)
  from space 9216K, 99% used [0x00000000f6300000,0x00000000f6bf9dc8,0x00000000f6c00000)
  to   space 13312K, 0% used [0x00000000f5600000,0x00000000f5600000,0x00000000f6300000)
 ParOldGen       total 40960K, used 19052K [0x00000000c0c00000, 0x00000000c3400000, 0x00000000eaf00000)
  object space 40960K, 46% used [0x00000000c0c00000,0x00000000c1e9b350,0x00000000c3400000)
 Metaspace       used 34674K, capacity 35162K, committed 35416K, reserved 1079296K
  class space    used 4557K, capacity 4696K, committed 4736K, reserved 1048576K
}
Event: 15.496 GC heap before
{Heap before GC invocations=12 (full 2):
 PSYoungGen      total 180224K, used 9191K [0x00000000eaf00000, 0x00000000f7180000, 0x0000000100000000)
  eden space 171008K, 0% used [0x00000000eaf00000,0x00000000eaf00000,0x00000000f5600000)
  from space 9216K, 99% used [0x00000000f6300000,0x00000000f6bf9dc8,0x00000000f6c00000)
  to   space 13312K, 0% used [0x00000000f5600000,0x00000000f5600000,0x00000000f6300000)
 ParOldGen       total 40960K, used 19052K [0x00000000c0c00000, 0x00000000c3400000, 0x00000000eaf00000)
  object space 40960K, 46% used [0x00000000c0c00000,0x00000000c1e9b350,0x00000000c3400000)
 Metaspace       used 34674K, capacity 35162K, committed 35416K, reserved 1079296K
  class space    used 4557K, capacity 4696K, committed 4736K, reserved 1048576K
Event: 15.695 GC heap after
Heap after GC invocations=12 (full 2):
 PSYoungGen      total 180224K, used 0K [0x00000000eaf00000, 0x00000000f7180000, 0x0000000100000000)
  eden space 171008K, 0% used [0x00000000eaf00000,0x00000000eaf00000,0x00000000f5600000)
  from space 9216K, 0% used [0x00000000f6300000,0x00000000f6300000,0x00000000f6c00000)
  to   space 13312K, 0% used [0x00000000f5600000,0x00000000f5600000,0x00000000f6300000)
 ParOldGen       total 71168K, used 26241K [0x00000000c0c00000, 0x00000000c5180000, 0x00000000eaf00000)
  object space 71168K, 36% used [0x00000000c0c00000,0x00000000c25a0778,0x00000000c5180000)
 Metaspace       used 34674K, capacity 35162K, committed 35416K, reserved 1079296K
  class space    used 4557K, capacity 4696K, committed 4736K, reserved 1048576K
}
Event: 21.536 GC heap before
{Heap before GC invocations=13 (full 2):
 PSYoungGen      total 180224K, used 171008K [0x00000000eaf00000, 0x00000000f7180000, 0x0000000100000000)
  eden space 171008K, 100% used [0x00000000eaf00000,0x00000000f5600000,0x00000000f5600000)
  from space 9216K, 0% used [0x00000000f6300000,0x00000000f6300000,0x00000000f6c00000)
  to   space 13312K, 0% used [0x00000000f5600000,0x00000000f5600000,0x00000000f6300000)
 ParOldGen       total 71168K, used 26241K [0x00000000c0c00000, 0x00000000c5180000, 0x00000000eaf00000)
  object space 71168K, 36% used [0x00000000c0c00000,0x00000000c25a0778,0x00000000c5180000)
 Metaspace       used 42241K, capacity 42788K, committed 43352K, reserved 1087488K
  class space    used 5553K, capacity 5707K, committed 5760K, reserved 1048576K
Event: 21.578 GC heap after
Heap after GC invocations=13 (full 2):
 PSYoungGen      total 184320K, used 13304K [0x00000000eaf00000, 0x00000000f9900000, 0x0000000100000000)
  eden space 171008K, 0% used [0x00000000eaf00000,0x00000000eaf00000,0x00000000f5600000)
  from space 13312K, 99% used [0x00000000f5600000,0x00000000f62fe080,0x00000000f6300000)
  to   space 14848K, 0% used [0x00000000f8a80000,0x00000000f8a80000,0x00000000f9900000)
 ParOldGen       total 71168K, used 26308K [0x00000000c0c00000, 0x00000000c5180000, 0x00000000eaf00000)
  object space 71168K, 36% used [0x00000000c0c00000,0x00000000c25b1178,0x00000000c5180000)
 Metaspace       used 42241K, capacity 42788K, committed 43352K, reserved 1087488K
  class space    used 5553K, capacity 5707K, committed 5760K, reserved 1048576K
}

